mesh file path: ../input/linear-elasticity-2d-22.msh
Partitioning a graph of size 251 serially
      Setup: Max:   0.000, Sum:   0.000, Balance:   1.003
      Total: Max:   0.007, Sum:   0.029, Balance:   1.000
       Aux1: Max:   0.000, Sum:   0.000, Balance:   1.079
Final  62-way Cut:    360 	Balance: 1.235 
Partitioning a graph of size 62 serially
      Setup: Max:   0.000, Sum:   0.000, Balance:   1.038
      Remap: Max:   0.000, Sum:   0.000, Balance:   4.000
      Total: Max:   0.001, Sum:   0.006, Balance:   1.001
       Aux1: Max:   0.000, Sum:   0.000, Balance:   1.067
Final  15-way Cut:     66 	Balance: 1.210 
$Nodes
62
node 0:	7.8750000933034441e+00	-7.8455785842205761e-01	0.0000000000000000e+00	
node 1:	8.7521887508925857e+00	-8.6374142495785033e-01	0.0000000000000000e+00	
node 2:	9.5000000000000000e+00	-5.7934554054212017e-01	0.0000000000000000e+00	
node 3:	9.7500000000000000e+00	8.6272428552221614e-01	0.0000000000000000e+00	
node 4:	9.1871988685946135e+00	1.8114269957259430e-01	0.0000000000000000e+00	
node 5:	8.6120034007869961e+00	8.1304837143504682e-01	0.0000000000000000e+00	
node 6:	8.3563732933796278e+00	5.5090825578189347e-02	0.0000000000000000e+00	
node 7:	6.8750028790776891e+00	-7.8455377186903608e-01	0.0000000000000000e+00	
node 8:	7.0000202559110303e+00	-2.1789478783403593e-03	0.0000000000000000e+00	
node 9:	6.8750000000000000e+00	8.1527198674219215e-01	0.0000000000000000e+00	
node 10:	7.7500001337349360e+00	6.8401789569446092e-01	0.0000000000000000e+00	
node 11:	5.4375000000000000e+00	9.2352516221524650e-01	0.0000000000000000e+00	
node 12:	6.0001273374932262e+00	4.3248918412373794e-01	0.0000000000000000e+00	
node 13:	5.2537312846852444e+00	-1.4142524404772744e-01	0.0000000000000000e+00	
node 14:	5.9001539895266921e+00	-6.5944592418360437e-01	0.0000000000000000e+00	
node 15:	4.2500000000000000e+00	-1.0000000000000000e+00	0.0000000000000000e+00	
node 16:	4.4670601696302317e+00	-3.7406799103000232e-01	0.0000000000000000e+00	
node 17:	3.5414727937040222e+00	-4.4094520017756567e-01	0.0000000000000000e+00	
node 18:	2.7528881331584452e+00	-8.5516829596767308e-01	0.0000000000000000e+00	
node 19:	4.5290562148476425e+00	2.7330254934588571e-01	0.0000000000000000e+00	
node 20:	4.1250000000000000e+00	7.8349364905388730e-01	0.0000000000000000e+00	
node 21:	3.0359774071001890e+00	1.0941086191341808e-01	0.0000000000000000e+00	
node 22:	2.9871301592654698e+00	8.3345757778350316e-01	0.0000000000000000e+00	
node 23:	2.1170914849325007e+00	3.6763955541689229e-02	0.0000000000000000e+00	
node 24:	1.8751702712002665e+00	-7.8359195517719926e-01	0.0000000000000000e+00	
node 25:	1.1399614436566030e+00	-1.8223781283458335e-01	0.0000000000000000e+00	
node 26:	5.2684742648326299e-01	-8.4608641039375510e-01	0.0000000000000000e+00	
node 27:	2.1650635094610937e-01	7.8349364905389041e-01	0.0000000000000000e+00	
node 28:	2.2309690387864789e-01	-1.1258007558796766e-01	0.0000000000000000e+00	
node 29:	1.8749999999999998e+00	8.1527198674219159e-01	0.0000000000000000e+00	
node 30:	1.0781753731969554e+00	6.3477592019397022e-01	0.0000000000000000e+00	
node 31:	1.0250000000000000e+01	3.3089524601184284e-01	0.0000000000000000e+00	
node 32:	1.0750000000000000e+01	8.6272428552221614e-01	0.0000000000000000e+00	
node 33:	1.1500000000000000e+01	6.1172099959665382e-01	0.0000000000000000e+00	
node 34:	1.1500000000000000e+01	-8.3668151319058381e-01	0.0000000000000000e+00	
node 35:	1.2000000000000000e+01	-9.9362757162314269e-02	0.0000000000000000e+00	
node 36:	1.0187500000000000e+01	-7.1291232225008616e-01	0.0000000000000000e+00	
node 37:	1.0812500000000000e+01	-2.1467778545499158e-01	0.0000000000000000e+00	
node 38:	1.3250000000000000e+01	0.0000000000000000e+00	0.0000000000000000e+00	
node 39:	1.2625000000000000e+01	-7.9585189148822977e-01	0.0000000000000000e+00	
node 40:	1.2312500000000000e+01	7.1467778545499183e-01	0.0000000000000000e+00	
node 41:	1.3125000000000000e+01	7.9585189148822977e-01	0.0000000000000000e+00	
node 42:	1.3625000000000000e+01	-7.9585189148822977e-01	0.0000000000000000e+00	
node 43:	1.4400000000000000e+01	-5.1617171892043534e-01	0.0000000000000000e+00	
node 44:	1.4686943111673958e+01	7.1332483147866110e-01	0.0000000000000000e+00	
node 45:	1.4000000000000000e+01	5.7934554054212017e-01	0.0000000000000000e+00	
node 46:	1.8062500000000000e+01	9.2352516221524650e-01	0.0000000000000000e+00	
node 47:	1.9051217346317838e+01	5.9528787478206036e-01	0.0000000000000000e+00	
node 48:	1.9783493649053892e+01	7.8349364905389152e-01	0.0000000000000000e+00	
node 49:	1.9789311980728822e+01	-1.0812701526895185e-01	0.0000000000000000e+00	
node 50:	1.7874726406446971e+01	-7.8435538401488503e-01	0.0000000000000000e+00	
node 51:	1.8196665614704756e+01	-4.6355712596636792e-03	0.0000000000000000e+00	
node 52:	1.9595463977893779e+01	-8.0264714342191157e-01	0.0000000000000000e+00	
node 53:	1.8813057258628451e+01	-6.9163377730821018e-01	0.0000000000000000e+00	
node 54:	1.5208284331674724e+01	-6.9449347113981694e-03	0.0000000000000000e+00	
node 55:	1.5500000000000000e+01	-8.3244440149881049e-01	0.0000000000000000e+00	
node 56:	1.6033276896723635e+01	-8.1447728208786194e-02	0.0000000000000000e+00	
node 57:	1.5619329365748506e+01	7.7773726799172826e-01	0.0000000000000000e+00	
node 58:	1.6875000000000000e+01	-7.8967277027105998e-01	0.0000000000000000e+00	
node 59:	1.6706520801298307e+01	-1.2472807139188559e-02	0.0000000000000000e+00	
node 60:	1.6645833333333332e+01	7.8275722271053294e-01	0.0000000000000000e+00	
node 61:	1.7499607849240650e+01	4.3259279764582032e-01	0.0000000000000000e+00	
$EndNodes
$Vtxdist
5
0
16
32
47
62
$EndVtxdist
$Adjacency
62
1	6	7	8	
0	2	4	6	
1	4	31	36	
4	5	31	32	
1	2	3	5	6	31	
3	4	6	10	
0	1	4	5	8	10	
0	8	14	
0	6	7	9	10	12	14	
8	10	11	12	
5	6	8	9	
9	12	13	19	20	
8	9	11	13	14	
11	12	14	15	16	19	
7	8	12	13	15	
13	14	16	17	18	
13	15	17	19	
15	16	18	19	21	
15	17	21	23	24	
11	13	16	17	20	21	
11	19	21	22	
17	18	19	20	22	23	
20	21	23	29	
18	21	22	24	25	29	30	
18	23	25	26	
23	24	26	28	30	
24	25	28	
28	30	
25	26	27	30	
22	23	30	
23	25	27	28	29	
2	3	4	32	36	37	
3	31	33	37	
32	35	37	40	
35	36	37	39	
33	34	37	38	39	40	
2	31	34	37	
31	32	33	34	35	36	
35	39	40	41	42	43	45	
34	35	38	42	
33	35	38	41	
38	40	45	
38	39	43	
38	42	44	45	54	55	
43	45	54	57	
38	41	43	44	
47	51	60	61	
46	48	49	51	53	
47	49	
47	48	52	53	
51	53	58	
46	47	50	53	58	59	61	
49	53	
47	49	50	51	52	
43	44	55	56	57	
43	54	56	58	
54	55	57	58	59	60	
44	54	56	60	
50	51	55	56	59	
51	56	58	60	61	
46	56	57	59	61	
46	51	59	60	
$EndAdjacency
$PartitionID
15
0
1
2
3
4
5
6
7
8
9
10
11
12
13
14
$EndPartitionID
$Partition
62
12
14
13
14
14
14
14
12
12
11
11
10
11
10
12
9
10
9
9
10
10
9
8
8
7
7
7
8
7
8
8
13
13
1
2
2
13
13
0
2
1
1
0
0
0
0
3
5
6
6
5
5
6
5
4
4
4
4
4
3
3
3
$EndPartition
